<?xml version='1.0' encoding='UTF-8'?>
<result plugin="junit@1.20">
  <suites>
    <suite>
      <file>/var/jenkins_home/workspace/spring-boot - tests build/target/surefire-reports/TEST-com.example.DemoApplicationTests.xml</file>
      <name>com.example.DemoApplicationTests</name>
      <duration>0.093</duration>
      <time>0.093</time>
      <cases>
        <case>
          <duration>0.093</duration>
          <className>com.example.DemoApplicationTests</className>
          <testName>contextLoads</testName>
          <skipped>false</skipped>
          <failedSince>0</failedSince>
        </case>
      </cases>
    </suite>
  </suites>
  <duration>0.093</duration>
  <keepLongStdio>false</keepLongStdio>
</result>